{"contracts/NftMarketplace.sol":{"l":{"55":14,"56":14,"57":1,"59":13,"67":17,"68":17,"69":17,"70":2,"72":15,"76":7,"77":7,"78":2,"80":5,"100":12,"101":1,"104":11,"105":11,"106":1,"109":10,"110":10,"117":3,"118":3,"119":1,"125":2,"129":2,"130":2,"135":2,"146":1,"147":1,"159":1,"160":1,"164":2,"165":2,"166":1,"168":1,"169":1,"170":1,"171":0,"179":3,"183":2},"path":"/root/practicefolder/hardhat-nft-marketplace/contracts/NftMarketplace.sol","s":{"1":14,"2":14,"3":17,"4":17,"5":17,"6":7,"7":7,"8":12,"9":11,"10":11,"11":10,"12":3,"13":3,"14":2,"15":2,"16":1,"17":1,"18":2,"19":2,"20":1,"21":1,"22":3,"23":2},"b":{"1":[1,13],"2":[2,15],"3":[2,5],"4":[13,1],"5":[12,1],"6":[1,11],"7":[1,10],"8":[3,1],"9":[3,0],"10":[1,2],"11":[2,1],"12":[1,1],"13":[1,0],"14":[1,0],"15":[1,1],"16":[0,1]},"f":{"1":14,"2":17,"3":7,"4":12,"5":3,"6":1,"7":1,"8":2,"9":3,"10":2},"fnMap":{"1":{"name":"notListed","line":50,"loc":{"start":{"line":50,"column":4},"end":{"line":60,"column":4}}},"2":{"name":"isOwner","line":62,"loc":{"start":{"line":62,"column":4},"end":{"line":73,"column":4}}},"3":{"name":"isListed","line":75,"loc":{"start":{"line":75,"column":4},"end":{"line":81,"column":4}}},"4":{"name":"listItem","line":98,"loc":{"start":{"line":91,"column":4},"end":{"line":111,"column":4}}},"5":{"name":"buyItem","line":116,"loc":{"start":{"line":113,"column":4},"end":{"line":136,"column":4}}},"6":{"name":"cancelListing","line":144,"loc":{"start":{"line":138,"column":4},"end":{"line":148,"column":4}}},"7":{"name":"updateListing","line":157,"loc":{"start":{"line":150,"column":4},"end":{"line":161,"column":4}}},"8":{"name":"withdrawProceeds","line":163,"loc":{"start":{"line":163,"column":4},"end":{"line":173,"column":4}}},"9":{"name":"getListing","line":175,"loc":{"start":{"line":175,"column":4},"end":{"line":180,"column":4}}},"10":{"name":"getProceeds","line":182,"loc":{"start":{"line":182,"column":4},"end":{"line":184,"column":4}}}},"statementMap":{"1":{"start":{"line":55,"column":8},"end":{"line":55,"column":64}},"2":{"start":{"line":56,"column":8},"end":{"line":56,"column":1578}},"3":{"start":{"line":67,"column":8},"end":{"line":67,"column":41}},"4":{"start":{"line":68,"column":8},"end":{"line":68,"column":44}},"5":{"start":{"line":69,"column":8},"end":{"line":69,"column":1906}},"6":{"start":{"line":76,"column":8},"end":{"line":76,"column":64}},"7":{"start":{"line":77,"column":8},"end":{"line":77,"column":2140}},"8":{"start":{"line":100,"column":8},"end":{"line":100,"column":2891}},"9":{"start":{"line":104,"column":8},"end":{"line":104,"column":41}},"10":{"start":{"line":105,"column":8},"end":{"line":105,"column":3033}},"11":{"start":{"line":110,"column":8},"end":{"line":110,"column":63}},"12":{"start":{"line":117,"column":8},"end":{"line":117,"column":67}},"13":{"start":{"line":118,"column":8},"end":{"line":118,"column":3518}},"14":{"start":{"line":130,"column":8},"end":{"line":130,"column":3879}},"15":{"start":{"line":135,"column":8},"end":{"line":135,"column":74}},"16":{"start":{"line":147,"column":8},"end":{"line":147,"column":47}},"17":{"start":{"line":160,"column":8},"end":{"line":160,"column":66}},"18":{"start":{"line":164,"column":8},"end":{"line":164,"column":49}},"19":{"start":{"line":165,"column":8},"end":{"line":165,"column":4845}},"20":{"start":{"line":169,"column":8},"end":{"line":169,"column":72}},"21":{"start":{"line":170,"column":8},"end":{"line":170,"column":5043}},"22":{"start":{"line":179,"column":8},"end":{"line":179,"column":46}},"23":{"start":{"line":183,"column":8},"end":{"line":183,"column":33}}},"branchMap":{"1":{"line":56,"type":"if","locations":[{"start":{"line":56,"column":8},"end":{"line":56,"column":8}},{"start":{"line":56,"column":8},"end":{"line":56,"column":8}}]},"2":{"line":69,"type":"if","locations":[{"start":{"line":69,"column":8},"end":{"line":69,"column":8}},{"start":{"line":69,"column":8},"end":{"line":69,"column":8}}]},"3":{"line":77,"type":"if","locations":[{"start":{"line":77,"column":8},"end":{"line":77,"column":8}},{"start":{"line":77,"column":8},"end":{"line":77,"column":8}}]},"4":{"line":97,"type":"if","locations":[{"start":{"line":97,"column":8},"end":{"line":97,"column":8}},{"start":{"line":97,"column":8},"end":{"line":97,"column":8}}]},"5":{"line":98,"type":"if","locations":[{"start":{"line":98,"column":8},"end":{"line":98,"column":8}},{"start":{"line":98,"column":8},"end":{"line":98,"column":8}}]},"6":{"line":100,"type":"if","locations":[{"start":{"line":100,"column":8},"end":{"line":100,"column":8}},{"start":{"line":100,"column":8},"end":{"line":100,"column":8}}]},"7":{"line":105,"type":"if","locations":[{"start":{"line":105,"column":8},"end":{"line":105,"column":8}},{"start":{"line":105,"column":8},"end":{"line":105,"column":8}}]},"8":{"line":116,"type":"if","locations":[{"start":{"line":116,"column":23},"end":{"line":116,"column":23}},{"start":{"line":116,"column":23},"end":{"line":116,"column":23}}]},"9":{"line":116,"type":"if","locations":[{"start":{"line":116,"column":53},"end":{"line":116,"column":53}},{"start":{"line":116,"column":53},"end":{"line":116,"column":53}}]},"10":{"line":118,"type":"if","locations":[{"start":{"line":118,"column":8},"end":{"line":118,"column":8}},{"start":{"line":118,"column":8},"end":{"line":118,"column":8}}]},"11":{"line":143,"type":"if","locations":[{"start":{"line":143,"column":8},"end":{"line":143,"column":8}},{"start":{"line":143,"column":8},"end":{"line":143,"column":8}}]},"12":{"line":144,"type":"if","locations":[{"start":{"line":144,"column":8},"end":{"line":144,"column":8}},{"start":{"line":144,"column":8},"end":{"line":144,"column":8}}]},"13":{"line":156,"type":"if","locations":[{"start":{"line":156,"column":8},"end":{"line":156,"column":8}},{"start":{"line":156,"column":8},"end":{"line":156,"column":8}}]},"14":{"line":157,"type":"if","locations":[{"start":{"line":157,"column":8},"end":{"line":157,"column":8}},{"start":{"line":157,"column":8},"end":{"line":157,"column":8}}]},"15":{"line":165,"type":"if","locations":[{"start":{"line":165,"column":8},"end":{"line":165,"column":8}},{"start":{"line":165,"column":8},"end":{"line":165,"column":8}}]},"16":{"line":170,"type":"if","locations":[{"start":{"line":170,"column":8},"end":{"line":170,"column":8}},{"start":{"line":170,"column":8},"end":{"line":170,"column":8}}]}}},"contracts/test/BasicNft.sol":{"l":{"13":3,"17":17,"18":17,"19":17,"28":0,"32":0},"path":"/root/practicefolder/hardhat-nft-marketplace/contracts/test/BasicNft.sol","s":{"1":17,"2":17,"3":0,"4":0},"b":{},"f":{"1":3,"2":17,"3":0,"4":0},"fnMap":{"1":{"name":"constructor","line":12,"loc":{"start":{"line":12,"column":4},"end":{"line":14,"column":4}}},"2":{"name":"mintNFT","line":16,"loc":{"start":{"line":16,"column":4},"end":{"line":20,"column":4}}},"3":{"name":"tokenURI","line":26,"loc":{"start":{"line":26,"column":4},"end":{"line":29,"column":4}}},"4":{"name":"getTokenCounter","line":31,"loc":{"start":{"line":31,"column":4},"end":{"line":33,"column":4}}}},"statementMap":{"1":{"start":{"line":17,"column":8},"end":{"line":17,"column":44}},"2":{"start":{"line":19,"column":8},"end":{"line":19,"column":29}},"3":{"start":{"line":28,"column":8},"end":{"line":28,"column":24}},"4":{"start":{"line":32,"column":8},"end":{"line":32,"column":29}}},"branchMap":{}}}